TN:
SF:src\modules\appointments\services\CreateAppointmentService.ts
FN:17,(anonymous_18)
FN:18,CreateAppointmentService
FN:29,(anonymous_20)
FNF:3
FNH:3
FNDA:1,(anonymous_18)
FNDA:5,CreateAppointmentService
FNDA:7,(anonymous_20)
DA:1,1
DA:2,1
DA:4,1
DA:17,1
DA:20,5
DA:23,5
DA:26,5
DA:29,1
DA:30,7
DA:31,7
DA:32,7
DA:34,7
DA:35,7
DA:36,2
DA:38,5
DA:39,1
DA:43,4
DA:44,1
DA:48,3
DA:52,3
DA:53,1
DA:55,2
DA:60,2
DA:61,4
DA:65,2
DA:69,4
DA:70,2
DA:72,1
LF:28
LH:28
BRDA:35,0,0,2
BRDA:35,0,1,5
BRDA:38,1,0,1
BRDA:38,1,1,4
BRDA:43,2,0,1
BRDA:43,2,1,3
BRDA:43,3,0,4
BRDA:43,3,1,3
BRDA:52,4,0,1
BRDA:52,4,1,2
BRF:10
BRH:10
end_of_record
TN:
SF:src\modules\appointments\services\ListProviderAppointmentsService.ts
FN:16,(anonymous_17)
FN:17,ListProviderAppointmentsService
FN:25,(anonymous_19)
FNF:3
FNH:3
FNDA:1,(anonymous_17)
FNDA:1,ListProviderAppointmentsService
FNDA:1,(anonymous_19)
DA:1,1
DA:6,1
DA:16,1
DA:19,1
DA:22,1
DA:25,1
DA:26,1
DA:27,1
DA:28,1
DA:29,1
DA:31,1
DA:32,1
DA:36,1
DA:37,1
DA:45,2
DA:47,1
DA:49,1
LF:17
LH:17
BRDA:47,0,0,1
BRDA:36,1,0,0
BRDA:36,1,1,1
BRF:3
BRH:2
end_of_record
TN:
SF:src\modules\appointments\services\ListProviderDayAvailabilityService.ts
FN:16,(anonymous_17)
FN:17,ListProviderDayAvailabilityService
FN:22,(anonymous_19)
FN:39,(anonymous_22)
FN:42,(anonymous_23)
FN:44,(anonymous_24)
FNF:6
FNH:6
FNDA:1,(anonymous_17)
FNDA:1,ListProviderDayAvailabilityService
FNDA:1,(anonymous_19)
FNDA:10,(anonymous_22)
FNDA:10,(anonymous_23)
FNDA:19,(anonymous_24)
DA:1,1
DA:2,1
DA:16,1
DA:19,1
DA:22,1
DA:23,1
DA:24,1
DA:25,1
DA:26,1
DA:28,1
DA:36,1
DA:37,1
DA:39,10
DA:41,1
DA:42,1
DA:43,10
DA:44,19
DA:46,10
DA:47,10
DA:52,1
DA:54,1
LF:21
LH:21
BRDA:28,0,0,1
BRDA:49,1,0,10
BRDA:49,1,1,8
BRF:3
BRH:3
end_of_record
TN:
SF:src\modules\appointments\services\ListProviderMonthAvailabilityService.ts
FN:15,(anonymous_17)
FN:16,ListProviderMonthAvailabilityService
FN:21,(anonymous_19)
FN:38,(anonymous_22)
FN:40,(anonymous_23)
FN:43,(anonymous_24)
FNF:6
FNH:6
FNDA:1,(anonymous_17)
FNDA:1,ListProviderMonthAvailabilityService
FNDA:1,(anonymous_19)
FNDA:31,(anonymous_22)
FNDA:31,(anonymous_23)
FNDA:341,(anonymous_24)
DA:1,1
DA:2,1
DA:15,1
DA:18,1
DA:21,1
DA:22,1
DA:23,1
DA:24,1
DA:26,1
DA:33,1
DA:34,1
DA:38,31
DA:40,1
DA:41,31
DA:43,31
DA:44,341
DA:46,31
DA:52,1
DA:54,1
LF:19
LH:19
BRDA:26,0,0,1
BRDA:49,1,0,31
BRDA:49,1,1,9
BRF:3
BRH:3
end_of_record
TN:
SF:src\modules\appointments\services\ListProvidersService.ts
FN:12,(anonymous_17)
FN:13,ListProvidersService
FN:21,(anonymous_19)
FNF:3
FNH:3
FNDA:1,(anonymous_17)
FNDA:1,ListProvidersService
FNDA:1,(anonymous_19)
DA:2,1
DA:12,1
DA:15,1
DA:18,1
DA:21,1
DA:22,1
DA:25,1
DA:26,1
DA:30,2
DA:32,1
DA:34,1
LF:11
LH:11
BRDA:22,0,0,1
BRDA:22,0,1,1
BRDA:25,1,0,0
BRDA:25,1,1,1
BRF:4
BRH:3
end_of_record
TN:
SF:src\modules\users\services\AuthenticateUserService.ts
FN:20,(anonymous_18)
FN:21,AuthenticateUserService
FN:29,(anonymous_20)
FNF:3
FNH:3
FNDA:1,(anonymous_18)
FNDA:3,AuthenticateUserService
FNDA:3,(anonymous_20)
DA:1,1
DA:2,1
DA:5,1
DA:6,1
DA:20,1
DA:23,3
DA:26,3
DA:29,1
DA:30,3
DA:31,3
DA:33,3
DA:34,3
DA:35,1
DA:37,2
DA:41,2
DA:42,1
DA:46,1
DA:48,1
DA:53,1
DA:55,1
LF:20
LH:20
BRDA:33,0,0,3
BRDA:34,1,0,1
BRDA:34,1,1,2
BRDA:41,2,0,1
BRDA:41,2,1,1
BRF:5
BRH:5
end_of_record
TN:
SF:src\modules\users\services\CreateUserService.ts
FN:15,(anonymous_18)
FN:16,CreateUserService
FN:27,(anonymous_20)
FNF:3
FNH:3
FNDA:1,(anonymous_18)
FNDA:2,CreateUserService
FNDA:3,(anonymous_20)
DA:1,1
DA:4,1
DA:15,1
DA:18,2
DA:21,2
DA:24,2
DA:27,3
DA:28,3
DA:29,3
DA:30,1
DA:32,2
DA:33,2
DA:38,4
DA:39,2
DA:41,1
LF:15
LH:15
BRDA:28,0,0,3
BRDA:29,1,0,1
BRDA:29,1,1,2
BRF:3
BRH:3
end_of_record
TN:
SF:src\modules\users\services\ResetPasswordService.ts
FN:17,(anonymous_18)
FN:18,ResetPasswordService
FN:29,(anonymous_20)
FNF:3
FNH:3
FNDA:1,(anonymous_18)
FNDA:4,ResetPasswordService
FNDA:4,(anonymous_20)
DA:2,1
DA:3,1
DA:6,1
DA:17,1
DA:20,4
DA:23,4
DA:26,4
DA:29,4
DA:30,4
DA:31,4
DA:32,1
DA:34,3
DA:35,3
DA:36,1
DA:38,2
DA:39,2
DA:41,2
DA:42,1
DA:44,1
DA:45,2
DA:47,1
LF:21
LH:21
BRDA:30,0,0,4
BRDA:31,1,0,1
BRDA:31,1,1,3
BRDA:35,2,0,1
BRDA:35,2,1,2
BRDA:41,3,0,1
BRDA:41,3,1,1
BRF:7
BRH:7
end_of_record
TN:
SF:src\modules\users\services\SendForgotPasswordEmailService.ts
FN:13,(anonymous_18)
FN:14,SendForgotPasswordEmailService
FN:25,(anonymous_20)
FNF:3
FNH:3
FNDA:1,(anonymous_18)
FNDA:3,SendForgotPasswordEmailService
FNDA:3,(anonymous_20)
DA:1,1
DA:2,1
DA:4,1
DA:13,1
DA:16,3
DA:19,3
DA:22,3
DA:25,3
DA:26,3
DA:27,3
DA:28,1
DA:30,2
DA:31,2
DA:37,4
DA:52,1
LF:15
LH:15
BRDA:26,0,0,3
BRDA:27,1,0,1
BRDA:27,1,1,2
BRF:3
BRH:3
end_of_record
TN:
SF:src\modules\users\services\ShowProfileService.ts
FN:11,(anonymous_18)
FN:12,ShowProfileService
FN:17,(anonymous_20)
FNF:3
FNH:3
FNDA:1,(anonymous_18)
FNDA:2,ShowProfileService
FNDA:2,(anonymous_20)
DA:1,1
DA:4,1
DA:11,1
DA:14,2
DA:17,2
DA:18,2
DA:19,2
DA:20,1
DA:22,1
DA:24,1
LF:10
LH:10
BRDA:18,0,0,2
BRDA:19,1,0,1
BRDA:19,1,1,1
BRF:3
BRH:3
end_of_record
TN:
SF:src\modules\users\services\UpdateProfileService.ts
FN:16,(anonymous_18)
FN:17,UpdateProfileService
FN:25,(anonymous_20)
FNF:3
FNH:3
FNDA:1,(anonymous_18)
FNDA:6,UpdateProfileService
FNDA:6,(anonymous_20)
DA:1,1
DA:4,1
DA:16,1
DA:19,6
DA:22,6
DA:25,1
DA:26,6
DA:27,6
DA:28,6
DA:29,6
DA:30,6
DA:32,6
DA:33,6
DA:34,1
DA:36,5
DA:37,5
DA:38,1
DA:40,4
DA:41,4
DA:42,4
DA:43,1
DA:47,4
DA:48,2
DA:52,2
DA:53,1
DA:55,1
DA:57,2
DA:59,1
LF:28
LH:28
BRDA:32,0,0,6
BRDA:32,0,1,2
BRDA:33,1,0,1
BRDA:33,1,1,5
BRDA:37,2,0,1
BRDA:37,2,1,4
BRDA:37,3,0,5
BRDA:37,3,1,1
BRDA:42,4,0,1
BRDA:42,4,1,3
BRDA:42,5,0,4
BRDA:42,5,1,3
BRDA:47,6,0,1
BRDA:47,6,1,2
BRDA:47,7,0,3
BRDA:47,7,1,2
BRDA:52,8,0,1
BRDA:52,8,1,1
BRF:18
BRH:18
end_of_record
TN:
SF:src\modules\users\services\UpdateUserAvatarService.ts
FN:13,(anonymous_18)
FN:14,UpdateUserAvatarService
FN:22,(anonymous_20)
FNF:3
FNH:3
FNDA:1,(anonymous_18)
FNDA:3,UpdateUserAvatarService
FNDA:4,(anonymous_20)
DA:1,1
DA:4,1
DA:13,1
DA:16,3
DA:19,3
DA:22,1
DA:23,4
DA:24,4
DA:26,4
DA:27,4
DA:28,1
DA:33,5
DA:34,2
DA:36,6
DA:37,3
DA:38,6
DA:39,3
DA:41,1
LF:18
LH:18
BRDA:26,0,0,4
BRDA:26,0,1,3
BRDA:27,1,0,1
BRDA:27,1,1,3
BRDA:33,2,0,2
BRDA:33,2,1,1
BRF:6
BRH:6
end_of_record
